1579441964398	mozrunner::runner	INFO	Running command: "C:\\Program Files\\Mozilla Firefox\\firefox.exe" "-marionette" "-foreground" "-no-remote" "-profile" "C:\\Users\\ADMINI~1\\AppData\\Local\\Temp\\rust_mozprofileARj8Eu"
1579441964887	addons.webextension.doh-rollout@mozilla.org	WARN	Loading extension 'doh-rollout@mozilla.org': Reading manifest: Invalid extension permission: networkStatus
1579441964991	addons.webextension.screenshots@mozilla.org	WARN	Loading extension 'screenshots@mozilla.org': Reading manifest: Invalid extension permission: mozillaAddons
1579441964992	addons.webextension.screenshots@mozilla.org	WARN	Loading extension 'screenshots@mozilla.org': Reading manifest: Invalid extension permission: telemetry
1579441964992	addons.webextension.screenshots@mozilla.org	WARN	Loading extension 'screenshots@mozilla.org': Reading manifest: Invalid extension permission: resource://pdf.js/
1579441964992	addons.webextension.screenshots@mozilla.org	WARN	Loading extension 'screenshots@mozilla.org': Reading manifest: Invalid extension permission: about:reader*
JavaScript error: resource://gre/modules/XULStore.jsm, line 66: Error: Can't find profile directory.
1579441966774	Marionette	INFO	Listening on port 65418
1579441967013	Marionette	WARN	TLS certificate errors will be ignored for this session
JavaScript error: http://portal.uestc.edu.cn/script/bottom.js?v=1.00 line 4 > eval, line 1: ReferenceError: hs is not defined
1579442022578	Marionette	INFO	Stopped listening on port 65418

###!!! [Child][MessageChannel::SendAndWait] Error: Channel error: cannot send/recv

1579442292979	mozrunner::runner	INFO	Running command: "C:\\Program Files\\Mozilla Firefox\\firefox.exe" "-marionette" "-foreground" "-no-remote" "-profile" "C:\\Users\\ADMINI~1\\AppData\\Local\\Temp\\rust_mozprofileTmsL6G"
1579442293311	addons.webextension.doh-rollout@mozilla.org	WARN	Loading extension 'doh-rollout@mozilla.org': Reading manifest: Invalid extension permission: networkStatus
1579442293409	addons.webextension.screenshots@mozilla.org	WARN	Loading extension 'screenshots@mozilla.org': Reading manifest: Invalid extension permission: mozillaAddons
1579442293409	addons.webextension.screenshots@mozilla.org	WARN	Loading extension 'screenshots@mozilla.org': Reading manifest: Invalid extension permission: telemetry
1579442293409	addons.webextension.screenshots@mozilla.org	WARN	Loading extension 'screenshots@mozilla.org': Reading manifest: Invalid extension permission: resource://pdf.js/
1579442293409	addons.webextension.screenshots@mozilla.org	WARN	Loading extension 'screenshots@mozilla.org': Reading manifest: Invalid extension permission: about:reader*
JavaScript error: resource://gre/modules/XULStore.jsm, line 66: Error: Can't find profile directory.
1579442295093	Marionette	INFO	Listening on port 50359
1579442295590	Marionette	WARN	TLS certificate errors will be ignored for this session
JavaScript error: http://portal.uestc.edu.cn/script/bottom.js?v=1.00 line 4 > eval, line 1: ReferenceError: hs is not defined
1579442323745	Marionette	INFO	Stopped listening on port 50359

###!!! [Child][RunMessage] Error: Channel closing: too late to send/recv, messages will be lost

1579442743281	mozrunner::runner	INFO	Running command: "C:\\Program Files\\Mozilla Firefox\\firefox.exe" "-marionette" "--headless" "-foreground" "-no-remote" "-profile" "C:\\Users\\ADMINI~1\\AppData\\Local\\Temp\\rust_mozprofilece83n7"
*** You are running in headless mode.
1579442743631	addons.webextension.doh-rollout@mozilla.org	WARN	Loading extension 'doh-rollout@mozilla.org': Reading manifest: Invalid extension permission: networkStatus
1579442743759	addons.webextension.screenshots@mozilla.org	WARN	Loading extension 'screenshots@mozilla.org': Reading manifest: Invalid extension permission: mozillaAddons
1579442743760	addons.webextension.screenshots@mozilla.org	WARN	Loading extension 'screenshots@mozilla.org': Reading manifest: Invalid extension permission: telemetry
1579442743760	addons.webextension.screenshots@mozilla.org	WARN	Loading extension 'screenshots@mozilla.org': Reading manifest: Invalid extension permission: resource://pdf.js/
1579442743760	addons.webextension.screenshots@mozilla.org	WARN	Loading extension 'screenshots@mozilla.org': Reading manifest: Invalid extension permission: about:reader*
JavaScript error: resource://gre/modules/XULStore.jsm, line 66: Error: Can't find profile directory.
1579442745309	Marionette	INFO	Listening on port 52388
1579442745390	Marionette	WARN	TLS certificate errors will be ignored for this session
JavaScript warning: https://idas.uestc.edu.cn/authserver/login?service=http%3A%2F%2Fportal.uestc.edu.cn%2F line 36 > eval, line 1: Error: WebGL warning: <SetDimensions>: Can't use WebGL in headless mode (https://bugzil.la/1375585).
JavaScript warning: https://idas.uestc.edu.cn/authserver/login?service=http%3A%2F%2Fportal.uestc.edu.cn%2F line 36 > eval, line 1: Error: WebGL warning: <SetDimensions>: Failed to create WebGL context: WebGL creation failed: 
* Can't use WebGL in headless mode (https://bugzil.la/1375585).
JavaScript warning: https://idas.uestc.edu.cn/authserver/login?service=http%3A%2F%2Fportal.uestc.edu.cn%2F line 36 > eval, line 1: Error: WebGL warning: <SetDimensions>: Can't use WebGL in headless mode (https://bugzil.la/1375585).
JavaScript warning: https://idas.uestc.edu.cn/authserver/login?service=http%3A%2F%2Fportal.uestc.edu.cn%2F line 36 > eval, line 1: Error: WebGL warning: <SetDimensions>: Failed to create WebGL context: WebGL creation failed: 
* Can't use WebGL in headless mode (https://bugzil.la/1375585).
Exiting due to channel error.
Exiting due to channel error.
gram Files\\Mozilla Firefox\\firefox.exe" "-marionette" "--headless" "-foreground" "-no-remote" "-profile" "C:\\Users\\ADMINI~1\\AppData\\Local\\Temp\\rust_mozprofileZ17EU7"
*** You are running in headless mode.
1579442783463	addons.webextension.doh-rollout@mozilla.org	WARN	Loading extension 'doh-rollout@mozilla.org': Reading manifest: Invalid extension permission: networkStatus
1579442783558	addons.webextension.screenshots@mozilla.org	WARN	Loading extension 'screenshots@mozilla.org': Reading manifest: Invalid extension permission: mozillaAddons
1579442783558	addons.webextension.screenshots@mozilla.org	WARN	Loading extension 'screenshots@mozilla.org': Reading manifest: Invalid extension permission: telemetry
1579442783559	addons.webextension.screenshots@mozilla.org	WARN	Loading extension 'screenshots@mozilla.org': Reading manifest: Invalid extension permission: resource://pdf.js/
1579442783559	addons.webextension.screenshots@mozilla.org	WARN	Loading extension 'screenshots@mozilla.org': Reading manifest: Invalid extension permission: about:reader*
JavaScript error: resource://gre/modules/XULStore.jsm, line 66: Error: Can't find profile directory.
1579442785055	Marionette	INFO	Listening on port 52735
1579442785152	Marionette	WARN	TLS certificate errors will be ignored for this session
Exiting due to channel error.
	INFO	Running command: "C:\\Program Files\\Mozilla Firefox\\firefox.exe" "-marionette" "--headless" "-foreground" "-no-remote" "-profile" "C:\\Users\\ADMINI~1\\AppData\\Local\\Temp\\rust_mozprofile4y5Q4a"
*** You are running in headless mode.
1579442803254	addons.webextension.doh-rollout@mozilla.org	WARN	Loading extension 'doh-rollout@mozilla.org': Reading manifest: Invalid extension permission: networkStatus
1579442803346	addons.webextension.screenshots@mozilla.org	WARN	Loading extension 'screenshots@mozilla.org': Reading manifest: Invalid extension permission: mozillaAddons
1579442803346	addons.webextension.screenshots@mozilla.org	WARN	Loading extension 'screenshots@mozilla.org': Reading manifest: Invalid extension permission: telemetry
1579442803347	addons.webextension.screenshots@mozilla.org	WARN	Loading extension 'screenshots@mozilla.org': Reading manifest: Invalid extension permission: resource://pdf.js/
1579442803347	addons.webextension.screenshots@mozilla.org	WARN	Loading extension 'screenshots@mozilla.org': Reading manifest: Invalid extension permission: about:reader*
JavaScript error: resource://gre/modules/XULStore.jsm, line 66: Error: Can't find profile directory.
1579442804919	Marionette	INFO	Listening on port 52875
1579442804943	Marionette	WARN	TLS certificate errors will be ignored for this session
JavaScript error: chrome://marionette/content/proxy.js, line 222: TypeError: this.browser.driver.dialogObserver is null
JavaScript warning: https://idas.uestc.edu.cn/authserver/login?service=http%3A%2F%2Fportal.uestc.edu.cn%2F line 36 > eval, line 1: Error: WebGL warning: <SetDimensions>: Can't use WebGL in headless mode (https://bugzil.la/1375585).
JavaScript warning: https://idas.uestc.edu.cn/authserver/login?service=http%3A%2F%2Fportal.uestc.edu.cn%2F line 36 > eval, line 1: Error: WebGL warning: <SetDimensions>: Failed to create WebGL context: WebGL creation failed: 
* Can't use WebGL in headless mode (https://bugzil.la/1375585).
JavaScript warning: https://idas.uestc.edu.cn/authserver/login?service=http%3A%2F%2Fportal.uestc.edu.cn%2F line 36 > eval, line 1: Error: WebGL warning: <SetDimensions>: Can't use WebGL in headless mode (https://bugzil.la/1375585).
JavaScript warning: https://idas.uestc.edu.cn/authserver/login?service=http%3A%2F%2Fportal.uestc.edu.cn%2F line 36 > eval, line 1: Error: WebGL warning: <SetDimensions>: Failed to create WebGL context: WebGL creation failed: 
* Can't use WebGL in headless mode (https://bugzil.la/1375585).
Exiting due to channel error.
Exiting due to channel error.
1579442852572	Marionette	INFO	Listening on port 53222
1579442852954	Marionette	WARN	TLS certificate errors will be ignored for this session
JavaScript error: https://idas.uestc.edu.cn/authserver/login?service=http%3A%2F%2Fportal.uestc.edu.cn%2F, line 40: ReferenceError: IcsWebSdkJs is not defined
JavaScript error: chrome://marionette/content/proxy.js, line 222: TypeError: this.browser.driver.dialogObserver is null
JavaScript warning: https://idas.uestc.edu.cn/authserver/login?service=http%3A%2F%2Fportal.uestc.edu.cn%2F line 36 > eval, line 1: Error: WebGL warning: <SetDimensions>: Can't use WebGL in headless mode (https://bugzil.la/1375585).
JavaScript warning: https://idas.uestc.edu.cn/authserver/login?service=http%3A%2F%2Fportal.uestc.edu.cn%2F line 36 > eval, line 1: Error: WebGL warning: <SetDimensions>: Failed to create WebGL context: WebGL creation failed: 
* Can't use WebGL in headless mode (https://bugzil.la/1375585).
JavaScript warning: https://idas.uestc.edu.cn/authserver/login?service=http%3A%2F%2Fportal.uestc.edu.cn%2F line 36 > eval, line 1: Error: WebGL warning: <SetDimensions>: Can't use WebGL in headless mode (https://bugzil.la/1375585).
JavaScript warning: https://idas.uestc.edu.cn/authserver/login?service=http%3A%2F%2Fportal.uestc.edu.cn%2F line 36 > eval, line 1: Error: WebGL warning: <SetDimensions>: Failed to create WebGL context: WebGL creation failed: 
* Can't use WebGL in headless mode (https://bugzil.la/1375585).
Exiting due to channel error.
Can't find profile directory.
1579442873936	Marionette	INFO	Listening on port 53476
1579442874427	Marionette	WARN	TLS certificate errors will be ignored for this session
JavaScript error: chrome://marionette/content/proxy.js, line 222: TypeError: this.browser.driver.dialogObserver is null
JavaScript warning: https://idas.uestc.edu.cn/authserver/login?service=http%3A%2F%2Fportal.uestc.edu.cn%2F line 36 > eval, line 1: Error: WebGL warning: <SetDimensions>: Can't use WebGL in headless mode (https://bugzil.la/1375585).
JavaScript warning: https://idas.uestc.edu.cn/authserver/login?service=http%3A%2F%2Fportal.uestc.edu.cn%2F line 36 > eval, line 1: Error: WebGL warning: <SetDimensions>: Failed to create WebGL context: WebGL creation failed: 
* Can't use WebGL in headless mode (https://bugzil.la/1375585).
JavaScript warning: https://idas.uestc.edu.cn/authserver/login?service=http%3A%2F%2Fportal.uestc.edu.cn%2F line 36 > eval, line 1: Error: WebGL warning: <SetDimensions>: Can't use WebGL in headless mode (https://bugzil.la/1375585).
JavaScript warning: https://idas.uestc.edu.cn/authserver/login?service=http%3A%2F%2Fportal.uestc.edu.cn%2F line 36 > eval, line 1: Error: WebGL warning: <SetDimensions>: Failed to create WebGL context: WebGL creation failed: 
* Can't use WebGL in headless mode (https://bugzil.la/1375585).
1579442907059	mozrunner::runner	INFO	Running command: "C:\\Program Files\\Mozilla Firefox\\firefox.exe" "-marionette" "--headless" "-foreground" "-no-remote" "-profile" "C:\\Users\\ADMINI~1\\AppData\\Local\\Temp\\rust_mozprofileT9puVy"
*** You are running in headless mode.
1579442907392	addons.webextension.doh-rollout@mozilla.org	WARN	Loading extension 'doh-rollout@mozilla.org': Reading manifest: Invalid extension permission: networkStatus
1579442907498	addons.webextension.screenshots@mozilla.org	WARN	Loading extension 'screenshots@mozilla.org': Reading manifest: Invalid extension permission: mozillaAddons
1579442907498	addons.webextension.screenshots@mozilla.org	WARN	Loading extension 'screenshots@mozilla.org': Reading manifest: Invalid extension permission: telemetry
1579442907498	addons.webextension.screenshots@mozilla.org	WARN	Loading extension 'screenshots@mozilla.org': Reading manifest: Invalid extension permission: resource://pdf.js/
1579442907498	addons.webextension.screenshots@mozilla.org	WARN	Loading extension 'screenshots@mozilla.org': Reading manifest: Invalid extension permission: about:reader*
JavaScript error: resource://gre/modules/XULStore.jsm, line 66: Error: Can't find profile directory.
1579442909254	Marionette	INFO	Listening on port 53587
1579442909671	Marionette	WARN	TLS certificate errors will be ignored for this session
JavaScript warning: https://idas.uestc.edu.cn/authserver/login?service=http%3A%2F%2Fportal.uestc.edu.cn%2F line 36 > eval, line 1: Error: WebGL warning: <SetDimensions>: Can't use WebGL in headless mode (https://bugzil.la/1375585).
JavaScript warning: https://idas.uestc.edu.cn/authserver/login?service=http%3A%2F%2Fportal.uestc.edu.cn%2F line 36 > eval, line 1: Error: WebGL warning: <SetDimensions>: Failed to create WebGL context: WebGL creation failed: 
* Can't use WebGL in headless mode (https://bugzil.la/1375585).
JavaScript warning: https://idas.uestc.edu.cn/authserver/login?service=http%3A%2F%2Fportal.uestc.edu.cn%2F line 36 > eval, line 1: Error: WebGL warning: <SetDimensions>: Can't use WebGL in headless mode (https://bugzil.la/1375585).
JavaScript warning: https://idas.uestc.edu.cn/authserver/login?service=http%3A%2F%2Fportal.uestc.edu.cn%2F line 36 > eval, line 1: Error: WebGL warning: <SetDimensions>: Failed to create WebGL context: WebGL creation failed: 
* Can't use WebGL in headless mode (https://bugzil.la/1375585).
JavaScript warning: https://ty.captcha.qq.com/code?siteKey=9WY11WYltbEgYnEIaMhTrkSZqlAPCJzjEbBTyP1cLVkMJWWSB7rQrimq%2F0arQ5A0&Action=GetWebJs, line 1: Error: WebGL warning: <SetDimensions>: Can't use WebGL in headless mode (https://bugzil.la/1375585).
JavaScript warning: https://ty.captcha.qq.com/code?siteKey=9WY11WYltbEgYnEIaMhTrkSZqlAPCJzjEbBTyP1cLVkMJWWSB7rQrimq%2F0arQ5A0&Action=GetWebJs, line 1: Error: WebGL warning: <SetDimensions>: Failed to create WebGL context: WebGL creation failed: 
* Can't use WebGL in headless mode (https://bugzil.la/1375585).
JavaScript warning: https://ty.captcha.qq.com/code?siteKey=9WY11WYltbEgYnEIaMhTrkSZqlAPCJzjEbBTyP1cLVkMJWWSB7rQrimq%2F0arQ5A0&Action=GetWebJs, line 1: Error: WebGL warning: <SetDimensions>: Can't use WebGL in headless mode (https://bugzil.la/1375585).
JavaScript warning: https://ty.captcha.qq.com/code?siteKey=9WY11WYltbEgYnEIaMhTrkSZqlAPCJzjEbBTyP1cLVkMJWWSB7rQrimq%2F0arQ5A0&Action=GetWebJs, line 1: Error: WebGL warning: <SetDimensions>: Failed to create WebGL context: WebGL creation failed: 
* Can't use WebGL in headless mode (https://bugzil.la/1375585).
JavaScript error: http://portal.uestc.edu.cn/script/bottom.js?v=1.00 line 4 > eval, line 1: ReferenceError: hs is not defined
1579442947122	Marionette	INFO	Stopped listening on port 53587
1579444403134	mozrunner::runner	INFO	Running command: "C:\\Program Files\\Mozilla Firefox\\firefox.exe" "-marionette" "--headless" "-foreground" "-no-remote" "-profile" "C:\\Users\\ADMINI~1\\AppData\\Local\\Temp\\rust_mozprofile7VNAQo"
*** You are running in headless mode.
1579444403474	addons.webextension.doh-rollout@mozilla.org	WARN	Loading extension 'doh-rollout@mozilla.org': Reading manifest: Invalid extension permission: networkStatus
1579444403582	addons.webextension.screenshots@mozilla.org	WARN	Loading extension 'screenshots@mozilla.org': Reading manifest: Invalid extension permission: mozillaAddons
1579444403582	addons.webextension.screenshots@mozilla.org	WARN	Loading extension 'screenshots@mozilla.org': Reading manifest: Invalid extension permission: telemetry
1579444403582	addons.webextension.screenshots@mozilla.org	WARN	Loading extension 'screenshots@mozilla.org': Reading manifest: Invalid extension permission: resource://pdf.js/
1579444403582	addons.webextension.screenshots@mozilla.org	WARN	Loading extension 'screenshots@mozilla.org': Reading manifest: Invalid extension permission: about:reader*
JavaScript error: resource://gre/modules/XULStore.jsm, line 66: Error: Can't find profile directory.
1579444405188	Marionette	INFO	Listening on port 55105
1579444405245	Marionette	WARN	TLS certificate errors will be ignored for this session
JavaScript error: chrome://marionette/content/proxy.js, line 222: TypeError: this.browser.driver.dialogObserver is null
JavaScript warning: https://idas.uestc.edu.cn/authserver/login?service=http%3A%2F%2Fportal.uestc.edu.cn%2F line 36 > eval, line 1: Error: WebGL warning: <SetDimensions>: Can't use WebGL in headless mode (https://bugzil.la/1375585).
JavaScript warning: https://idas.uestc.edu.cn/authserver/login?service=http%3A%2F%2Fportal.uestc.edu.cn%2F line 36 > eval, line 1: Error: WebGL warning: <SetDimensions>: Failed to create WebGL context: WebGL creation failed: 
* Can't use WebGL in headless mode (https://bugzil.la/1375585).
JavaScript warning: https://idas.uestc.edu.cn/authserver/login?service=http%3A%2F%2Fportal.uestc.edu.cn%2F line 36 > eval, line 1: Error: WebGL warning: <SetDimensions>: Can't use WebGL in headless mode (https://bugzil.la/1375585).
JavaScript warning: https://idas.uestc.edu.cn/authserver/login?service=http%3A%2F%2Fportal.uestc.edu.cn%2F line 36 > eval, line 1: Error: WebGL warning: <SetDimensions>: Failed to create WebGL context: WebGL creation failed: 
* Can't use WebGL in headless mode (https://bugzil.la/1375585).
Exiting due to channel error.
	INFO	Running command: "C:\\Program Files\\Mozilla Firefox\\firefox.exe" "-marionette" "--headless" "-foreground" "-no-remote" "-profile" "C:\\Users\\ADMINI~1\\AppData\\Local\\Temp\\rust_mozprofileQU17sE"
*** You are running in headless mode.
1579444436157	addons.webextension.doh-rollout@mozilla.org	WARN	Loading extension 'doh-rollout@mozilla.org': Reading manifest: Invalid extension permission: networkStatus
1579444436262	addons.webextension.screenshots@mozilla.org	WARN	Loading extension 'screenshots@mozilla.org': Reading manifest: Invalid extension permission: mozillaAddons
1579444436262	addons.webextension.screenshots@mozilla.org	WARN	Loading extension 'screenshots@mozilla.org': Reading manifest: Invalid extension permission: telemetry
1579444436262	addons.webextension.screenshots@mozilla.org	WARN	Loading extension 'screenshots@mozilla.org': Reading manifest: Invalid extension permission: resource://pdf.js/
1579444436262	addons.webextension.screenshots@mozilla.org	WARN	Loading extension 'screenshots@mozilla.org': Reading manifest: Invalid extension permission: about:reader*
JavaScript error: resource://gre/modules/XULStore.jsm, line 66: Error: Can't find profile directory.
1579444437818	Marionette	INFO	Listening on port 56090
1579444437856	Marionette	WARN	TLS certificate errors will be ignored for this session
JavaScript warning: https://idas.uestc.edu.cn/authserver/login?service=http%3A%2F%2Fportal.uestc.edu.cn%2F line 36 > eval, line 1: Error: WebGL warning: <SetDimensions>: Can't use WebGL in headless mode (https://bugzil.la/1375585).
JavaScript warning: https://idas.uestc.edu.cn/authserver/login?service=http%3A%2F%2Fportal.uestc.edu.cn%2F line 36 > eval, line 1: Error: WebGL warning: <SetDimensions>: Failed to create WebGL context: WebGL creation failed: 
* Can't use WebGL in headless mode (https://bugzil.la/1375585).
JavaScript warning: https://idas.uestc.edu.cn/authserver/login?service=http%3A%2F%2Fportal.uestc.edu.cn%2F line 36 > eval, line 1: Error: WebGL warning: <SetDimensions>: Can't use WebGL in headless mode (https://bugzil.la/1375585).
JavaScript warning: https://idas.uestc.edu.cn/authserver/login?service=http%3A%2F%2Fportal.uestc.edu.cn%2F line 36 > eval, line 1: Error: WebGL warning: <SetDimensions>: Failed to create WebGL context: WebGL creation failed: 
* Can't use WebGL in headless mode (https://bugzil.la/1375585).
JavaScript warning: https://ty.captcha.qq.com/code?siteKey=9WY11WYltbEgYnEIaMhTrkSZqlAPCJzjEbBTyP1cLVkMJWWSB7rQrimq%2F0arQ5A0&Action=GetWebJs, line 1: Error: WebGL warning: <SetDimensions>: Can't use WebGL in headless mode (https://bugzil.la/1375585).
JavaScript warning: https://ty.captcha.qq.com/code?siteKey=9WY11WYltbEgYnEIaMhTrkSZqlAPCJzjEbBTyP1cLVkMJWWSB7rQrimq%2F0arQ5A0&Action=GetWebJs, line 1: Error: WebGL warning: <SetDimensions>: Failed to create WebGL context: WebGL creation failed: 
* Can't use WebGL in headless mode (https://bugzil.la/1375585).
JavaScript warning: https://ty.captcha.qq.com/code?siteKey=9WY11WYltbEgYnEIaMhTrkSZqlAPCJzjEbBTyP1cLVkMJWWSB7rQrimq%2F0arQ5A0&Action=GetWebJs, line 1: Error: WebGL warning: <SetDimensions>: Can't use WebGL in headless mode (https://bugzil.la/1375585).
JavaScript warning: https://ty.captcha.qq.com/code?siteKey=9WY11WYltbEgYnEIaMhTrkSZqlAPCJzjEbBTyP1cLVkMJWWSB7rQrimq%2F0arQ5A0&Action=GetWebJs, line 1: Error: WebGL warning: <SetDimensions>: Failed to create WebGL context: WebGL creation failed: 
* Can't use WebGL in headless mode (https://bugzil.la/1375585).
1579444489454	Marionette	INFO	Stopped listening on port 56090
1579444735260	mozrunner::runner	INFO	Running command: "C:\\Program Files\\Mozilla Firefox\\firefox.exe" "-marionette" "-foreground" "-no-remote" "-profile" "C:\\Users\\ADMINI~1\\AppData\\Local\\Temp\\rust_mozprofiles83We0"
1579444735837	addons.webextension.doh-rollout@mozilla.org	WARN	Loading extension 'doh-rollout@mozilla.org': Reading manifest: Invalid extension permission: networkStatus
1579444735962	addons.webextension.screenshots@mozilla.org	WARN	Loading extension 'screenshots@mozilla.org': Reading manifest: Invalid extension permission: mozillaAddons
1579444735962	addons.webextension.screenshots@mozilla.org	WARN	Loading extension 'screenshots@mozilla.org': Reading manifest: Invalid extension permission: telemetry
1579444735962	addons.webextension.screenshots@mozilla.org	WARN	Loading extension 'screenshots@mozilla.org': Reading manifest: Invalid extension permission: resource://pdf.js/
1579444735962	addons.webextension.screenshots@mozilla.org	WARN	Loading extension 'screenshots@mozilla.org': Reading manifest: Invalid extension permission: about:reader*
JavaScript error: resource://gre/modules/XULStore.jsm, line 66: Error: Can't find profile directory.
1579444737931	Marionette	INFO	Listening on port 63882
1579444738373	Marionette	WARN	TLS certificate errors will be ignored for this session
JavaScript error: chrome://browser/content/browser-customization.js, line 172: NS_ERROR_NOT_INITIALIZED: 
1579444761239	Marionette	INFO	Stopped listening on port 63882

###!!! [Child][MessageChannel::SendAndWait] Error: Channel error: cannot send/recv

1579444810247	mozrunner::runner	INFO	Running command: "C:\\Program Files\\Mozilla Firefox\\firefox.exe" "-marionette" "-foreground" "-no-remote" "-profile" "C:\\Users\\ADMINI~1\\AppData\\Local\\Temp\\rust_mozprofileHzh9WB"
1579444810658	addons.webextension.doh-rollout@mozilla.org	WARN	Loading extension 'doh-rollout@mozilla.org': Reading manifest: Invalid extension permission: networkStatus
1579444810791	addons.webextension.screenshots@mozilla.org	WARN	Loading extension 'screenshots@mozilla.org': Reading manifest: Invalid extension permission: mozillaAddons
1579444810791	addons.webextension.screenshots@mozilla.org	WARN	Loading extension 'screenshots@mozilla.org': Reading manifest: Invalid extension permission: telemetry
1579444810791	addons.webextension.screenshots@mozilla.org	WARN	Loading extension 'screenshots@mozilla.org': Reading manifest: Invalid extension permission: resource://pdf.js/
1579444810791	addons.webextension.screenshots@mozilla.org	WARN	Loading extension 'screenshots@mozilla.org': Reading manifest: Invalid extension permission: about:reader*
JavaScript error: resource://gre/modules/XULStore.jsm, line 66: Error: Can't find profile directory.
1579444812734	Marionette	INFO	Listening on port 49381
1579444812866	Marionette	WARN	TLS certificate errors will be ignored for this session
1579445298875	Marionette	INFO	Stopped listening on port 49381

###!!! [Child][RunMessage] Error: Channel closing: too late to send/recv, messages will be lost


###!!! [Child][MessageChannel::SendAndWait] Error: Channel error: cannot send/recv

sion.doh-rollout@mozilla.org	WARN	Loading extension 'doh-rollout@mozilla.org': Reading manifest: Invalid extension permission: networkStatus
1579444923329	addons.webextension.screenshots@mozilla.org	WARN	Loading extension 'screenshots@mozilla.org': Reading manifest: Invalid extension permission: mozillaAddons
1579444923329	addons.webextension.screenshots@mozilla.org	WARN	Loading extension 'screenshots@mozilla.org': Reading manifest: Invalid extension permission: telemetry
1579444923329	addons.webextension.screenshots@mozilla.org	WARN	Loading extension 'screenshots@mozilla.org': Reading manifest: Invalid extension permission: resource://pdf.js/
1579444923330	addons.webextension.screenshots@mozilla.org	WARN	Loading extension 'screenshots@mozilla.org': Reading manifest: Invalid extension permission: about:reader*
JavaScript error: resource://gre/modules/XULStore.jsm, line 66: Error: Can't find profile directory.
1579444925187	Marionette	INFO	Listening on port 52365
1579444925497	Marionette	WARN	TLS certificate errors will be ignored for this session
1579444943887	Marionette	INFO	Stopped listening on port 52365

###!!! [Child][MessageChannel::SendAndWait] Error: Channel error: cannot send/recv

1579444958906	mozrunner::runner	INFO	Running command: "C:\\Program Files\\Mozilla Firefox\\firefox.exe" "-marionette" "-foreground" "-no-remote" "-profile" "C:\\Users\\ADMINI~1\\AppData\\Local\\Temp\\rust_mozprofiletFImZl"
1579444959282	addons.webextension.doh-rollout@mozilla.org	WARN	Loading extension 'doh-rollout@mozilla.org': Reading manifest: Invalid extension permission: networkStatus
1579444959400	addons.webextension.screenshots@mozilla.org	WARN	Loading extension 'screenshots@mozilla.org': Reading manifest: Invalid extension permission: mozillaAddons
1579444959400	addons.webextension.screenshots@mozilla.org	WARN	Loading extension 'screenshots@mozilla.org': Reading manifest: Invalid extension permission: telemetry
1579444959401	addons.webextension.screenshots@mozilla.org	WARN	Loading extension 'screenshots@mozilla.org': Reading manifest: Invalid extension permission: resource://pdf.js/
1579444959401	addons.webextension.screenshots@mozilla.org	WARN	Loading extension 'screenshots@mozilla.org': Reading manifest: Invalid extension permission: about:reader*
JavaScript error: resource://gre/modules/XULStore.jsm, line 66: Error: Can't find profile directory.
1579444961212	Marionette	INFO	Listening on port 53325
1579444961518	Marionette	WARN	TLS certificate errors will be ignored for this session
[Child 34872, Chrome_ChildThread] WARNING: pipe error: 232: file z:/task_1578433236/build/src/ipc/chromium/src/chrome/common/ipc_channel_win.cc, line 507
1579444980386	Marionette	INFO	Stopped listening on port 53325

###!!! [Child][MessageChannel::SendAndWait] Error: Channel error: cannot send/recv

1579445005818	mozrunner::runner	INFO	Running command: "C:\\Program Files\\Mozilla Firefox\\firefox.exe" "-marionette" "-foreground" "-no-remote" "-profile" "C:\\Users\\ADMINI~1\\AppData\\Local\\Temp\\rust_mozprofileHvCpsl"
1579445006141	addons.webextension.doh-rollout@mozilla.org	WARN	Loading extension 'doh-rollout@mozilla.org': Reading manifest: Invalid extension permission: networkStatus
1579445006242	addons.webextension.screenshots@mozilla.org	WARN	Loading extension 'screenshots@mozilla.org': Reading manifest: Invalid extension permission: mozillaAddons
1579445006242	addons.webextension.screenshots@mozilla.org	WARN	Loading extension 'screenshots@mozilla.org': Reading manifest: Invalid extension permission: telemetry
1579445006242	addons.webextension.screenshots@mozilla.org	WARN	Loading extension 'screenshots@mozilla.org': Reading manifest: Invalid extension permission: resource://pdf.js/
1579445006242	addons.webextension.screenshots@mozilla.org	WARN	Loading extension 'screenshots@mozilla.org': Reading manifest: Invalid extension permission: about:reader*
JavaScript error: resource://gre/modules/XULStore.jsm, line 66: Error: Can't find profile directory.
1579445008002	Marionette	INFO	Listening on port 54608
1579445008427	Marionette	WARN	TLS certificate errors will be ignored for this session
1579445030129	Marionette	INFO	Stopped listening on port 54608

###!!! [Child][RunMessage] Error: Channel closing: too late to send/recv, messages will be lost


###!!! [Child][MessageChannel::SendAndWait] Error: Channel error: cannot send/recv

1579445038432	mozrunner::runner	INFO	Running command: "C:\\Program Files\\Mozilla Firefox\\firefox.exe" "-marionette" "-foreground" "-no-remote" "-profile" "C:\\Users\\ADMINI~1\\AppData\\Local\\Temp\\rust_mozprofileMB4j6P"
1579445038771	addons.webextension.doh-rollout@mozilla.org	WARN	Loading extension 'doh-rollout@mozilla.org': Reading manifest: Invalid extension permission: networkStatus
1579445038872	addons.webextension.screenshots@mozilla.org	WARN	Loading extension 'screenshots@mozilla.org': Reading manifest: Invalid extension permission: mozillaAddons
1579445038872	addons.webextension.screenshots@mozilla.org	WARN	Loading extension 'screenshots@mozilla.org': Reading manifest: Invalid extension permission: telemetry
1579445038873	addons.webextension.screenshots@mozilla.org	WARN	Loading extension 'screenshots@mozilla.org': Reading manifest: Invalid extension permission: resource://pdf.js/
1579445038873	addons.webextension.screenshots@mozilla.org	WARN	Loading extension 'screenshots@mozilla.org': Reading manifest: Invalid extension permission: about:reader*
JavaScript error: resource://gre/modules/XULStore.jsm, line 66: Error: Can't find profile directory.
1579445040579	Marionette	INFO	Listening on port 55575
1579445041042	Marionette	WARN	TLS certificate errors will be ignored for this session
1579445145352	Marionette	INFO	Stopped listening on port 55575

###!!! [Child][RunMessage] Error: Channel closing: too late to send/recv, messages will be lost


###!!! [Child][MessageChannel::SendAndWait] Error: Channel error: cannot send/recv

1579446034087	mozrunner::runner	INFO	Running command: "C:\\Program Files\\Mozilla Firefox\\firefox.exe" "-marionette" "--headless" "-foreground" "-no-remote" "-profile" "C:\\Users\\ADMINI~1\\AppData\\Local\\Temp\\rust_mozprofilevpR781"
*** You are running in headless mode.
1579446034418	addons.webextension.doh-rollout@mozilla.org	WARN	Loading extension 'doh-rollout@mozilla.org': Reading manifest: Invalid extension permission: networkStatus
1579446034528	addons.webextension.screenshots@mozilla.org	WARN	Loading extension 'screenshots@mozilla.org': Reading manifest: Invalid extension permission: mozillaAddons
1579446034528	addons.webextension.screenshots@mozilla.org	WARN	Loading extension 'screenshots@mozilla.org': Reading manifest: Invalid extension permission: telemetry
1579446034528	addons.webextension.screenshots@mozilla.org	WARN	Loading extension 'screenshots@mozilla.org': Reading manifest: Invalid extension permission: resource://pdf.js/
1579446034528	addons.webextension.screenshots@mozilla.org	WARN	Loading extension 'screenshots@mozilla.org': Reading manifest: Invalid extension permission: about:reader*
JavaScript error: resource://gre/modules/XULStore.jsm, line 66: Error: Can't find profile directory.
1579446036041	Marionette	INFO	Listening on port 65017
1579446036100	Marionette	WARN	TLS certificate errors will be ignored for this session
JavaScript warning: https://idas.uestc.edu.cn/authserver/login?service=http%3A%2F%2Fportal.uestc.edu.cn%2F line 36 > eval, line 1: Error: WebGL warning: <SetDimensions>: Can't use WebGL in headless mode (https://bugzil.la/1375585).
JavaScript warning: https://idas.uestc.edu.cn/authserver/login?service=http%3A%2F%2Fportal.uestc.edu.cn%2F line 36 > eval, line 1: Error: WebGL warning: <SetDimensions>: Failed to create WebGL context: WebGL creation failed: 
* Can't use WebGL in headless mode (https://bugzil.la/1375585).
JavaScript warning: https://idas.uestc.edu.cn/authserver/login?service=http%3A%2F%2Fportal.uestc.edu.cn%2F line 36 > eval, line 1: Error: WebGL warning: <SetDimensions>: Can't use WebGL in headless mode (https://bugzil.la/1375585).
JavaScript warning: https://idas.uestc.edu.cn/authserver/login?service=http%3A%2F%2Fportal.uestc.edu.cn%2F line 36 > eval, line 1: Error: WebGL warning: <SetDimensions>: Failed to create WebGL context: WebGL creation failed: 
* Can't use WebGL in headless mode (https://bugzil.la/1375585).
Exiting due to channel error.
Exiting due to channel error.
gram Files\\Mozilla Firefox\\firefox.exe" "-marionette" "--headless" "-foreground" "-no-remote" "-profile" "C:\\Users\\ADMINI~1\\AppData\\Local\\Temp\\rust_mozprofile4LMdJv"
*** You are running in headless mode.
1579446250062	addons.webextension.doh-rollout@mozilla.org	WARN	Loading extension 'doh-rollout@mozilla.org': Reading manifest: Invalid extension permission: networkStatus
1579446250187	addons.webextension.screenshots@mozilla.org	WARN	Loading extension 'screenshots@mozilla.org': Reading manifest: Invalid extension permission: mozillaAddons
1579446250187	addons.webextension.screenshots@mozilla.org	WARN	Loading extension 'screenshots@mozilla.org': Reading manifest: Invalid extension permission: telemetry
1579446250188	addons.webextension.screenshots@mozilla.org	WARN	Loading extension 'screenshots@mozilla.org': Reading manifest: Invalid extension permission: resource://pdf.js/
1579446250188	addons.webextension.screenshots@mozilla.org	WARN	Loading extension 'screenshots@mozilla.org': Reading manifest: Invalid extension permission: about:reader*
JavaScript error: resource://gre/modules/XULStore.jsm, line 66: Error: Can't find profile directory.
1579446251903	Marionette	INFO	Listening on port 51908
1579446252294	Marionette	WARN	TLS certificate errors will be ignored for this session
JavaScript warning: https://idas.uestc.edu.cn/authserver/login?service=http%3A%2F%2Fportal.uestc.edu.cn%2F line 36 > eval, line 1: Error: WebGL warning: <SetDimensions>: Can't use WebGL in headless mode (https://bugzil.la/1375585).
JavaScript warning: https://idas.uestc.edu.cn/authserver/login?service=http%3A%2F%2Fportal.uestc.edu.cn%2F line 36 > eval, line 1: Error: WebGL warning: <SetDimensions>: Failed to create WebGL context: WebGL creation failed: 
* Can't use WebGL in headless mode (https://bugzil.la/1375585).
JavaScript warning: https://idas.uestc.edu.cn/authserver/login?service=http%3A%2F%2Fportal.uestc.edu.cn%2F line 36 > eval, line 1: Error: WebGL warning: <SetDimensions>: Can't use WebGL in headless mode (https://bugzil.la/1375585).
JavaScript warning: https://idas.uestc.edu.cn/authserver/login?service=http%3A%2F%2Fportal.uestc.edu.cn%2F line 36 > eval, line 1: Error: WebGL warning: <SetDimensions>: Failed to create WebGL context: WebGL creation failed: 
* Can't use WebGL in headless mode (https://bugzil.la/1375585).
JavaScript warning: https://ty.captcha.qq.com/code?siteKey=9WY11WYltbEgYnEIaMhTrkSZqlAPCJzjEbBTyP1cLVkMJWWSB7rQrimq%2F0arQ5A0&Action=GetWebJs, line 1: Error: WebGL warning: <SetDimensions>: Can't use WebGL in headless mode (https://bugzil.la/1375585).
JavaScript warning: https://ty.captcha.qq.com/code?siteKey=9WY11WYltbEgYnEIaMhTrkSZqlAPCJzjEbBTyP1cLVkMJWWSB7rQrimq%2F0arQ5A0&Action=GetWebJs, line 1: Error: WebGL warning: <SetDimensions>: Failed to create WebGL context: WebGL creation failed: 
* Can't use WebGL in headless mode (https://bugzil.la/1375585).
JavaScript warning: https://ty.captcha.qq.com/code?siteKey=9WY11WYltbEgYnEIaMhTrkSZqlAPCJzjEbBTyP1cLVkMJWWSB7rQrimq%2F0arQ5A0&Action=GetWebJs, line 1: Error: WebGL warning: <SetDimensions>: Can't use WebGL in headless mode (https://bugzil.la/1375585).
JavaScript warning: https://ty.captcha.qq.com/code?siteKey=9WY11WYltbEgYnEIaMhTrkSZqlAPCJzjEbBTyP1cLVkMJWWSB7rQrimq%2F0arQ5A0&Action=GetWebJs, line 1: Error: WebGL warning: <SetDimensions>: Failed to create WebGL context: WebGL creation failed: 
* Can't use WebGL in headless mode (https://bugzil.la/1375585).
JavaScript error: http://portal.uestc.edu.cn/script/bottom.js?v=1.00 line 4 > eval, line 1: ReferenceError: hs is not defined
JavaScript warning: http://portal.uestc.edu.cn/ line 8 > eval, line 1: Error: WebGL warning: <SetDimensions>: Can't use WebGL in headless mode (https://bugzil.la/1375585).
JavaScript warning: http://portal.uestc.edu.cn/ line 8 > eval, line 1: Error: WebGL warning: <SetDimensions>: Failed to create WebGL context: WebGL creation failed: 
* Can't use WebGL in headless mode (https://bugzil.la/1375585).
JavaScript warning: http://portal.uestc.edu.cn/ line 8 > eval, line 1: Error: WebGL warning: <SetDimensions>: Can't use WebGL in headless mode (https://bugzil.la/1375585).
JavaScript warning: http://portal.uestc.edu.cn/ line 8 > eval, line 1: Error: WebGL warning: <SetDimensions>: Failed to create WebGL context: WebGL creation failed: 
* Can't use WebGL in headless mode (https://bugzil.la/1375585).
1579446286894	Marionette	INFO	Stopped listening on port 51908
1579446376327	mozrunner::runner	INFO	Running command: "C:\\Program Files\\Mozilla Firefox\\firefox.exe" "-marionette" "--headless" "-foreground" "-no-remote" "-profile" "C:\\Users\\ADMINI~1\\AppData\\Local\\Temp\\rust_mozprofileunCBC5"
*** You are running in headless mode.
1579446376719	addons.webextension.doh-rollout@mozilla.org	WARN	Loading extension 'doh-rollout@mozilla.org': Reading manifest: Invalid extension permission: networkStatus
1579446376828	addons.webextension.screenshots@mozilla.org	WARN	Loading extension 'screenshots@mozilla.org': Reading manifest: Invalid extension permission: mozillaAddons
1579446376829	addons.webextension.screenshots@mozilla.org	WARN	Loading extension 'screenshots@mozilla.org': Reading manifest: Invalid extension permission: telemetry
1579446376829	addons.webextension.screenshots@mozilla.org	WARN	Loading extension 'screenshots@mozilla.org': Reading manifest: Invalid extension permission: resource://pdf.js/
1579446376829	addons.webextension.screenshots@mozilla.org	WARN	Loading extension 'screenshots@mozilla.org': Reading manifest: Invalid extension permission: about:reader*
JavaScript error: resource://gre/modules/XULStore.jsm, line 66: Error: Can't find profile directory.
1579446378402	Marionette	INFO	Listening on port 52526
1579446378438	Marionette	WARN	TLS certificate errors will be ignored for this session
JavaScript warning: https://idas.uestc.edu.cn/authserver/login?service=http%3A%2F%2Fportal.uestc.edu.cn%2F line 36 > eval, line 1: Error: WebGL warning: <SetDimensions>: Can't use WebGL in headless mode (https://bugzil.la/1375585).
JavaScript warning: https://idas.uestc.edu.cn/authserver/login?service=http%3A%2F%2Fportal.uestc.edu.cn%2F line 36 > eval, line 1: Error: WebGL warning: <SetDimensions>: Failed to create WebGL context: WebGL creation failed: 
* Can't use WebGL in headless mode (https://bugzil.la/1375585).
JavaScript warning: https://idas.uestc.edu.cn/authserver/login?service=http%3A%2F%2Fportal.uestc.edu.cn%2F line 36 > eval, line 1: Error: WebGL warning: <SetDimensions>: Can't use WebGL in headless mode (https://bugzil.la/1375585).
JavaScript warning: https://idas.uestc.edu.cn/authserver/login?service=http%3A%2F%2Fportal.uestc.edu.cn%2F line 36 > eval, line 1: Error: WebGL warning: <SetDimensions>: Failed to create WebGL context: WebGL creation failed: 
* Can't use WebGL in headless mode (https://bugzil.la/1375585).
1579448629614	mozrunner::runner	INFO	Running command: "C:\\Program Files\\Mozilla Firefox\\firefox.exe" "-marionette" "--headless" "-foreground" "-no-remote" "-profile" "C:\\Users\\ADMINI~1\\AppData\\Local\\Temp\\rust_mozprofile1QUP5A"
*** You are running in headless mode.
1579448629928	addons.webextension.doh-rollout@mozilla.org	WARN	Loading extension 'doh-rollout@mozilla.org': Reading manifest: Invalid extension permission: networkStatus
1579448630020	addons.webextension.screenshots@mozilla.org	WARN	Loading extension 'screenshots@mozilla.org': Reading manifest: Invalid extension permission: mozillaAddons
1579448630020	addons.webextension.screenshots@mozilla.org	WARN	Loading extension 'screenshots@mozilla.org': Reading manifest: Invalid extension permission: telemetry
1579448630020	addons.webextension.screenshots@mozilla.org	WARN	Loading extension 'screenshots@mozilla.org': Reading manifest: Invalid extension permission: resource://pdf.js/
1579448630020	addons.webextension.screenshots@mozilla.org	WARN	Loading extension 'screenshots@mozilla.org': Reading manifest: Invalid extension permission: about:reader*
JavaScript error: resource://gre/modules/XULStore.jsm, line 66: Error: Can't find profile directory.
1579448631568	Marionette	INFO	Listening on port 63529
1579448631629	Marionette	WARN	TLS certificate errors will be ignored for this session
JavaScript warning: https://idas.uestc.edu.cn/authserver/login?service=http%3A%2F%2Fportal.uestc.edu.cn%2F line 36 > eval, line 1: Error: WebGL warning: <SetDimensions>: Can't use WebGL in headless mode (https://bugzil.la/1375585).
JavaScript warning: https://idas.uestc.edu.cn/authserver/login?service=http%3A%2F%2Fportal.uestc.edu.cn%2F line 36 > eval, line 1: Error: WebGL warning: <SetDimensions>: Failed to create WebGL context: WebGL creation failed: 
* Can't use WebGL in headless mode (https://bugzil.la/1375585).
JavaScript warning: https://idas.uestc.edu.cn/authserver/login?service=http%3A%2F%2Fportal.uestc.edu.cn%2F line 36 > eval, line 1: Error: WebGL warning: <SetDimensions>: Can't use WebGL in headless mode (https://bugzil.la/1375585).
JavaScript warning: https://idas.uestc.edu.cn/authserver/login?service=http%3A%2F%2Fportal.uestc.edu.cn%2F line 36 > eval, line 1: Error: WebGL warning: <SetDimensions>: Failed to create WebGL context: WebGL creation failed: 
* Can't use WebGL in headless mode (https://bugzil.la/1375585).
JavaScript warning: https://ty.captcha.qq.com/code?siteKey=9WY11WYltbEgYnEIaMhTrkSZqlAPCJzjEbBTyP1cLVkMJWWSB7rQrimq%2F0arQ5A0&Action=GetWebJs, line 1: Error: WebGL warning: <SetDimensions>: Can't use WebGL in headless mode (https://bugzil.la/1375585).
JavaScript warning: https://ty.captcha.qq.com/code?siteKey=9WY11WYltbEgYnEIaMhTrkSZqlAPCJzjEbBTyP1cLVkMJWWSB7rQrimq%2F0arQ5A0&Action=GetWebJs, line 1: Error: WebGL warning: <SetDimensions>: Failed to create WebGL context: WebGL creation failed: 
* Can't use WebGL in headless mode (https://bugzil.la/1375585).
JavaScript warning: https://ty.captcha.qq.com/code?siteKey=9WY11WYltbEgYnEIaMhTrkSZqlAPCJzjEbBTyP1cLVkMJWWSB7rQrimq%2F0arQ5A0&Action=GetWebJs, line 1: Error: WebGL warning: <SetDimensions>: Can't use WebGL in headless mode (https://bugzil.la/1375585).
JavaScript warning: https://ty.captcha.qq.com/code?siteKey=9WY11WYltbEgYnEIaMhTrkSZqlAPCJzjEbBTyP1cLVkMJWWSB7rQrimq%2F0arQ5A0&Action=GetWebJs, line 1: Error: WebGL warning: <SetDimensions>: Failed to create WebGL context: WebGL creation failed: 
* Can't use WebGL in headless mode (https://bugzil.la/1375585).
JavaScript error: http://portal.uestc.edu.cn/script/bottom.js?v=1.00 line 4 > eval, line 1: ReferenceError: hs is not defined
JavaScript warning: http://portal.uestc.edu.cn/ line 8 > eval, line 1: Error: WebGL warning: <SetDimensions>: Can't use WebGL in headless mode (https://bugzil.la/1375585).
JavaScript warning: http://portal.uestc.edu.cn/ line 8 > eval, line 1: Error: WebGL warning: <SetDimensions>: Failed to create WebGL context: WebGL creation failed: 
* Can't use WebGL in headless mode (https://bugzil.la/1375585).
JavaScript warning: http://portal.uestc.edu.cn/ line 8 > eval, line 1: Error: WebGL warning: <SetDimensions>: Can't use WebGL in headless mode (https://bugzil.la/1375585).
JavaScript warning: http://portal.uestc.edu.cn/ line 8 > eval, line 1: Error: WebGL warning: <SetDimensions>: Failed to create WebGL context: WebGL creation failed: 
* Can't use WebGL in headless mode (https://bugzil.la/1375585).
JavaScript error: http://eams.uestc.edu.cn/eams/static/scripts/raphael/g.raphael-min.js, line 7: ReferenceError: Raphael is not defined
JavaScript error: http://eams.uestc.edu.cn/eams/static/scripts/raphael/g.line-min.js, line 15: ReferenceError: Raphael is not defined
JavaScript error: http://eams.uestc.edu.cn/eams/static/scripts/raphael/g.pie-min-grade.js, line 219: ReferenceError: Raphael is not defined
JavaScript error: chrome://marionette/content/proxy.js, line 222: TypeError: this.browser.driver.dialogObserver is null
Exiting due to channel error.
Exiting due to channel error.
MINI~1\\AppData\\Local\\Temp\\rust_mozprofilexvXMbK"
*** You are running in headless mode.
1579448733357	addons.webextension.doh-rollout@mozilla.org	WARN	Loading extension 'doh-rollout@mozilla.org': Reading manifest: Invalid extension permission: networkStatus
1579448733471	addons.webextension.screenshots@mozilla.org	WARN	Loading extension 'screenshots@mozilla.org': Reading manifest: Invalid extension permission: mozillaAddons
1579448733471	addons.webextension.screenshots@mozilla.org	WARN	Loading extension 'screenshots@mozilla.org': Reading manifest: Invalid extension permission: telemetry
1579448733471	addons.webextension.screenshots@mozilla.org	WARN	Loading extension 'screenshots@mozilla.org': Reading manifest: Invalid extension permission: resource://pdf.js/
1579448733471	addons.webextension.screenshots@mozilla.org	WARN	Loading extension 'screenshots@mozilla.org': Reading manifest: Invalid extension permission: about:reader*
JavaScript error: resource://gre/modules/XULStore.jsm, line 66: Error: Can't find profile directory.
1579448735121	Marionette	INFO	Listening on port 64192
1579448735622	Marionette	WARN	TLS certificate errors will be ignored for this session
JavaScript warning: https://idas.uestc.edu.cn/authserver/login?service=http%3A%2F%2Fportal.uestc.edu.cn%2F line 36 > eval, line 1: Error: WebGL warning: <SetDimensions>: Can't use WebGL in headless mode (https://bugzil.la/1375585).
JavaScript warning: https://idas.uestc.edu.cn/authserver/login?service=http%3A%2F%2Fportal.uestc.edu.cn%2F line 36 > eval, line 1: Error: WebGL warning: <SetDimensions>: Failed to create WebGL context: WebGL creation failed: 
* Can't use WebGL in headless mode (https://bugzil.la/1375585).
JavaScript warning: https://idas.uestc.edu.cn/authserver/login?service=http%3A%2F%2Fportal.uestc.edu.cn%2F line 36 > eval, line 1: Error: WebGL warning: <SetDimensions>: Can't use WebGL in headless mode (https://bugzil.la/1375585).
JavaScript warning: https://idas.uestc.edu.cn/authserver/login?service=http%3A%2F%2Fportal.uestc.edu.cn%2F line 36 > eval, line 1: Error: WebGL warning: <SetDimensions>: Failed to create WebGL context: WebGL creation failed: 
* Can't use WebGL in headless mode (https://bugzil.la/1375585).
JavaScript warning: https://ty.captcha.qq.com/code?siteKey=9WY11WYltbEgYnEIaMhTrkSZqlAPCJzjEbBTyP1cLVkMJWWSB7rQrimq%2F0arQ5A0&Action=GetWebJs, line 1: Error: WebGL warning: <SetDimensions>: Can't use WebGL in headless mode (https://bugzil.la/1375585).
JavaScript warning: https://ty.captcha.qq.com/code?siteKey=9WY11WYltbEgYnEIaMhTrkSZqlAPCJzjEbBTyP1cLVkMJWWSB7rQrimq%2F0arQ5A0&Action=GetWebJs, line 1: Error: WebGL warning: <SetDimensions>: Failed to create WebGL context: WebGL creation failed: 
* Can't use WebGL in headless mode (https://bugzil.la/1375585).
JavaScript warning: https://ty.captcha.qq.com/code?siteKey=9WY11WYltbEgYnEIaMhTrkSZqlAPCJzjEbBTyP1cLVkMJWWSB7rQrimq%2F0arQ5A0&Action=GetWebJs, line 1: Error: WebGL warning: <SetDimensions>: Can't use WebGL in headless mode (https://bugzil.la/1375585).
JavaScript warning: https://ty.captcha.qq.com/code?siteKey=9WY11WYltbEgYnEIaMhTrkSZqlAPCJzjEbBTyP1cLVkMJWWSB7rQrimq%2F0arQ5A0&Action=GetWebJs, line 1: Error: WebGL warning: <SetDimensions>: Failed to create WebGL context: WebGL creation failed: 
* Can't use WebGL in headless mode (https://bugzil.la/1375585).
[GFX1-]: Receive IPC close with reason=AbnormalShutdown
Exiting due to channel error.
Exiting due to channel error.
-foreground" "-no-remote" "-profile" "C:\\Users\\ADMINI~1\\AppData\\Local\\Temp\\rust_mozprofile3padhn"
1579448835284	addons.webextension.doh-rollout@mozilla.org	WARN	Loading extension 'doh-rollout@mozilla.org': Reading manifest: Invalid extension permission: networkStatus
1579448835383	addons.webextension.screenshots@mozilla.org	WARN	Loading extension 'screenshots@mozilla.org': Reading manifest: Invalid extension permission: mozillaAddons
1579448835383	addons.webextension.screenshots@mozilla.org	WARN	Loading extension 'screenshots@mozilla.org': Reading manifest: Invalid extension permission: telemetry
1579448835383	addons.webextension.screenshots@mozilla.org	WARN	Loading extension 'screenshots@mozilla.org': Reading manifest: Invalid extension permission: resource://pdf.js/
1579448835383	addons.webextension.screenshots@mozilla.org	WARN	Loading extension 'screenshots@mozilla.org': Reading manifest: Invalid extension permission: about:reader*
JavaScript error: resource://gre/modules/XULStore.jsm, line 66: Error: Can't find profile directory.
1579448837125	Marionette	INFO	Listening on port 64698
1579448837569	Marionette	WARN	TLS certificate errors will be ignored for this session
JavaScript error: http://portal.uestc.edu.cn/script/bottom.js?v=1.00 line 4 > eval, line 1: ReferenceError: hs is not defined
1579448873237	Marionette	INFO	Stopped listening on port 64698

###!!! [Child][RunMessage] Error: Channel closing: too late to send/recv, messages will be lost


###!!! [Child][MessageChannel::SendAndWait] Error: Channel error: cannot send/recv

1579450973054	mozrunner::runner	INFO	Running command: "C:\\Program Files\\Mozilla Firefox\\firefox.exe" "-marionette" "-foreground" "-no-remote" "-profile" "C:\\Users\\ADMINI~1\\AppData\\Local\\Temp\\rust_mozprofilew0KcEm"
1579450973452	addons.webextension.doh-rollout@mozilla.org	WARN	Loading extension 'doh-rollout@mozilla.org': Reading manifest: Invalid extension permission: networkStatus
1579450973575	addons.webextension.screenshots@mozilla.org	WARN	Loading extension 'screenshots@mozilla.org': Reading manifest: Invalid extension permission: mozillaAddons
1579450973575	addons.webextension.screenshots@mozilla.org	WARN	Loading extension 'screenshots@mozilla.org': Reading manifest: Invalid extension permission: telemetry
1579450973575	addons.webextension.screenshots@mozilla.org	WARN	Loading extension 'screenshots@mozilla.org': Reading manifest: Invalid extension permission: resource://pdf.js/
1579450973575	addons.webextension.screenshots@mozilla.org	WARN	Loading extension 'screenshots@mozilla.org': Reading manifest: Invalid extension permission: about:reader*
JavaScript error: resource://gre/modules/XULStore.jsm, line 66: Error: Can't find profile directory.
1579450975517	Marionette	INFO	Listening on port 63827
1579450975683	Marionette	WARN	TLS certificate errors will be ignored for this session
JavaScript error: http://portal.uestc.edu.cn/script/bottom.js?v=1.00 line 4 > eval, line 1: ReferenceError: hs is not defined
JavaScript warning: http://eams.uestc.edu.cn/eams/static/scripts/backbone.min.js, line 3: Using //@ to indicate sourceMappingURL pragmas is deprecated. Use //# instead
1579451026431	Marionette	INFO	Stopped listening on port 63827

###!!! [Child][RunMessage] Error: Channel closing: too late to send/recv, messages will be lost


###!!! [Child][MessageChannel::SendAndWait] Error: Channel error: cannot send/recv

1579498777936	mozrunner::runner	INFO	Running command: "C:\\Program Files\\Mozilla Firefox\\firefox.exe" "-marionette" "-foreground" "-no-remote" "-profile" "C:\\Users\\ADMINI~1\\AppData\\Local\\Temp\\rust_mozprofileHUp1uJ"
1579498778266	addons.webextension.doh-rollout@mozilla.org	WARN	Loading extension 'doh-rollout@mozilla.org': Reading manifest: Invalid extension permission: networkStatus
1579498778360	addons.webextension.screenshots@mozilla.org	WARN	Loading extension 'screenshots@mozilla.org': Reading manifest: Invalid extension permission: mozillaAddons
1579498778360	addons.webextension.screenshots@mozilla.org	WARN	Loading extension 'screenshots@mozilla.org': Reading manifest: Invalid extension permission: telemetry
1579498778360	addons.webextension.screenshots@mozilla.org	WARN	Loading extension 'screenshots@mozilla.org': Reading manifest: Invalid extension permission: resource://pdf.js/
1579498778360	addons.webextension.screenshots@mozilla.org	WARN	Loading extension 'screenshots@mozilla.org': Reading manifest: Invalid extension permission: about:reader*
JavaScript error: resource://gre/modules/XULStore.jsm, line 66: Error: Can't find profile directory.
1579498780103	Marionette	INFO	Listening on port 52184
1579498780546	Marionette	WARN	TLS certificate errors will be ignored for this session
1579498814132	Marionette	INFO	Stopped listening on port 52184

###!!! [Child][MessageChannel::SendAndWait] Error: Channel error: cannot send/recv

1579499037565	mozrunner::runner	INFO	Running command: "C:\\Program Files\\Mozilla Firefox\\firefox.exe" "-marionette" "-foreground" "-no-remote" "-profile" "C:\\Users\\ADMINI~1\\AppData\\Local\\Temp\\rust_mozprofileONMdAe"
1579499037874	addons.webextension.doh-rollout@mozilla.org	WARN	Loading extension 'doh-rollout@mozilla.org': Reading manifest: Invalid extension permission: networkStatus
1579499037973	addons.webextension.screenshots@mozilla.org	WARN	Loading extension 'screenshots@mozilla.org': Reading manifest: Invalid extension permission: mozillaAddons
1579499037973	addons.webextension.screenshots@mozilla.org	WARN	Loading extension 'screenshots@mozilla.org': Reading manifest: Invalid extension permission: telemetry
1579499037974	addons.webextension.screenshots@mozilla.org	WARN	Loading extension 'screenshots@mozilla.org': Reading manifest: Invalid extension permission: resource://pdf.js/
1579499037974	addons.webextension.screenshots@mozilla.org	WARN	Loading extension 'screenshots@mozilla.org': Reading manifest: Invalid extension permission: about:reader*
JavaScript error: resource://gre/modules/XULStore.jsm, line 66: Error: Can't find profile directory.
1579499039629	Marionette	INFO	Listening on port 58920
1579499039676	Marionette	WARN	TLS certificate errors will be ignored for this session
1579499471591	Marionette	INFO	Stopped listening on port 58920

###!!! [Child][RunMessage] Error: Channel closing: too late to send/recv, messages will be lost


###!!! [Child][MessageChannel::SendAndWait] Error: Channel error: cannot send/recv

sion.doh-rollout@mozilla.org	WARN	Loading extension 'doh-rollout@mozilla.org': Reading manifest: Invalid extension permission: networkStatus
1579499105392	addons.webextension.screenshots@mozilla.org	WARN	Loading extension 'screenshots@mozilla.org': Reading manifest: Invalid extension permission: mozillaAddons
1579499105392	addons.webextension.screenshots@mozilla.org	WARN	Loading extension 'screenshots@mozilla.org': Reading manifest: Invalid extension permission: telemetry
1579499105393	addons.webextension.screenshots@mozilla.org	WARN	Loading extension 'screenshots@mozilla.org': Reading manifest: Invalid extension permission: resource://pdf.js/
1579499105393	addons.webextension.screenshots@mozilla.org	WARN	Loading extension 'screenshots@mozilla.org': Reading manifest: Invalid extension permission: about:reader*
JavaScript error: resource://gre/modules/XULStore.jsm, line 66: Error: Can't find profile directory.
1579499106946	Marionette	INFO	Listening on port 60695
1579499106996	Marionette	WARN	TLS certificate errors will be ignored for this session
1579499471585	Marionette	INFO	Stopped listening on port 60695

###!!! [Child][MessageChannel::SendAndWait] Error: Channel error: cannot send/recv

ile" "C:\\Users\\ADMINI~1\\AppData\\Local\\Temp\\rust_mozprofileXppnLh"
1579499134230	addons.webextension.doh-rollout@mozilla.org	WARN	Loading extension 'doh-rollout@mozilla.org': Reading manifest: Invalid extension permission: networkStatus
1579499134343	addons.webextension.screenshots@mozilla.org	WARN	Loading extension 'screenshots@mozilla.org': Reading manifest: Invalid extension permission: mozillaAddons
1579499134343	addons.webextension.screenshots@mozilla.org	WARN	Loading extension 'screenshots@mozilla.org': Reading manifest: Invalid extension permission: telemetry
1579499134343	addons.webextension.screenshots@mozilla.org	WARN	Loading extension 'screenshots@mozilla.org': Reading manifest: Invalid extension permission: resource://pdf.js/
1579499134343	addons.webextension.screenshots@mozilla.org	WARN	Loading extension 'screenshots@mozilla.org': Reading manifest: Invalid extension permission: about:reader*
JavaScript error: resource://gre/modules/XULStore.jsm, line 66: Error: Can't find profile directory.
1579499135947	Marionette	INFO	Listening on port 61530
1579499135990	Marionette	WARN	TLS certificate errors will be ignored for this session
1579499471586	Marionette	INFO	Stopped listening on port 61530

###!!! [Child][RunMessage] Error: Channel closing: too late to send/recv, messages will be lost


###!!! [Child][MessageChannel::SendAndWait] Error: Channel error: cannot send/recv

sion.doh-rollout@mozilla.org	WARN	Loading extension 'doh-rollout@mozilla.org': Reading manifest: Invalid extension permission: networkStatus
1579499257740	addons.webextension.screenshots@mozilla.org	WARN	Loading extension 'screenshots@mozilla.org': Reading manifest: Invalid extension permission: mozillaAddons
1579499257740	addons.webextension.screenshots@mozilla.org	WARN	Loading extension 'screenshots@mozilla.org': Reading manifest: Invalid extension permission: telemetry
1579499257740	addons.webextension.screenshots@mozilla.org	WARN	Loading extension 'screenshots@mozilla.org': Reading manifest: Invalid extension permission: resource://pdf.js/
1579499257740	addons.webextension.screenshots@mozilla.org	WARN	Loading extension 'screenshots@mozilla.org': Reading manifest: Invalid extension permission: about:reader*
JavaScript error: resource://gre/modules/XULStore.jsm, line 66: Error: Can't find profile directory.
1579499259342	Marionette	INFO	Listening on port 64753
1579499259355	Marionette	WARN	TLS certificate errors will be ignored for this session
JavaScript error: http://portal.uestc.edu.cn/script/bottom.js?v=1.00 line 4 > eval, line 1: ReferenceError: hs is not defined
JavaScript warning: http://eams.uestc.edu.cn/eams/static/scripts/backbone.min.js, line 3: Using //@ to indicate sourceMappingURL pragmas is deprecated. Use //# instead
1579499289670	Marionette	INFO	Stopped listening on port 64753

###!!! [Child][RunMessage] Error: Channel closing: too late to send/recv, messages will be lost

1579499463071	mozrunner::runner	INFO	Running command: "C:\\Program Files\\Mozilla Firefox\\firefox.exe" "-marionette" "-foreground" "-no-remote" "-profile" "C:\\Users\\ADMINI~1\\AppData\\Local\\Temp\\rust_mozprofileMEK78p"
1579499463457	addons.webextension.doh-rollout@mozilla.org	WARN	Loading extension 'doh-rollout@mozilla.org': Reading manifest: Invalid extension permission: networkStatus
1579499463576	addons.webextension.screenshots@mozilla.org	WARN	Loading extension 'screenshots@mozilla.org': Reading manifest: Invalid extension permission: mozillaAddons
1579499463576	addons.webextension.screenshots@mozilla.org	WARN	Loading extension 'screenshots@mozilla.org': Reading manifest: Invalid extension permission: telemetry
1579499463576	addons.webextension.screenshots@mozilla.org	WARN	Loading extension 'screenshots@mozilla.org': Reading manifest: Invalid extension permission: resource://pdf.js/
1579499463576	addons.webextension.screenshots@mozilla.org	WARN	Loading extension 'screenshots@mozilla.org': Reading manifest: Invalid extension permission: about:reader*
JavaScript error: resource://gre/modules/XULStore.jsm, line 66: Error: Can't find profile directory.
1579499465352	Marionette	INFO	Listening on port 53738
1579499465682	Marionette	WARN	TLS certificate errors will be ignored for this session
1579499471663	Marionette	INFO	Stopped listening on port 53738

###!!! [Child][RunMessage] Error: Channel closing: too late to send/recv, messages will be lost

1579499488125	mozrunner::runner	INFO	Running command: "C:\\Program Files\\Mozilla Firefox\\firefox.exe" "-marionette" "--headless" "-foreground" "-no-remote" "-profile" "C:\\Users\\ADMINI~1\\AppData\\Local\\Temp\\rust_mozprofile615r3N"
*** You are running in headless mode.
1579499488437	addons.webextension.doh-rollout@mozilla.org	WARN	Loading extension 'doh-rollout@mozilla.org': Reading manifest: Invalid extension permission: networkStatus
1579499488532	addons.webextension.screenshots@mozilla.org	WARN	Loading extension 'screenshots@mozilla.org': Reading manifest: Invalid extension permission: mozillaAddons
1579499488532	addons.webextension.screenshots@mozilla.org	WARN	Loading extension 'screenshots@mozilla.org': Reading manifest: Invalid extension permission: telemetry
1579499488532	addons.webextension.screenshots@mozilla.org	WARN	Loading extension 'screenshots@mozilla.org': Reading manifest: Invalid extension permission: resource://pdf.js/
1579499488532	addons.webextension.screenshots@mozilla.org	WARN	Loading extension 'screenshots@mozilla.org': Reading manifest: Invalid extension permission: about:reader*
JavaScript error: resource://gre/modules/XULStore.jsm, line 66: Error: Can't find profile directory.
1579499490068	Marionette	INFO	Listening on port 54420
1579499490133	Marionette	WARN	TLS certificate errors will be ignored for this session
JavaScript warning: https://idas.uestc.edu.cn/authserver/login?service=http%3A%2F%2Fportal.uestc.edu.cn%2F line 36 > eval, line 1: Error: WebGL warning: <SetDimensions>: Can't use WebGL in headless mode (https://bugzil.la/1375585).
JavaScript warning: https://idas.uestc.edu.cn/authserver/login?service=http%3A%2F%2Fportal.uestc.edu.cn%2F line 36 > eval, line 1: Error: WebGL warning: <SetDimensions>: Failed to create WebGL context: WebGL creation failed: 
* Can't use WebGL in headless mode (https://bugzil.la/1375585).
JavaScript warning: https://idas.uestc.edu.cn/authserver/login?service=http%3A%2F%2Fportal.uestc.edu.cn%2F line 36 > eval, line 1: Error: WebGL warning: <SetDimensions>: Can't use WebGL in headless mode (https://bugzil.la/1375585).
JavaScript warning: https://idas.uestc.edu.cn/authserver/login?service=http%3A%2F%2Fportal.uestc.edu.cn%2F line 36 > eval, line 1: Error: WebGL warning: <SetDimensions>: Failed to create WebGL context: WebGL creation failed: 
* Can't use WebGL in headless mode (https://bugzil.la/1375585).
JavaScript warning: https://ty.captcha.qq.com/code?siteKey=9WY11WYltbEgYnEIaMhTrkSZqlAPCJzjEbBTyP1cLVkMJWWSB7rQrimq%2F0arQ5A0&Action=GetWebJs, line 1: Error: WebGL warning: <SetDimensions>: Can't use WebGL in headless mode (https://bugzil.la/1375585).
JavaScript warning: https://ty.captcha.qq.com/code?siteKey=9WY11WYltbEgYnEIaMhTrkSZqlAPCJzjEbBTyP1cLVkMJWWSB7rQrimq%2F0arQ5A0&Action=GetWebJs, line 1: Error: WebGL warning: <SetDimensions>: Failed to create WebGL context: WebGL creation failed: 
* Can't use WebGL in headless mode (https://bugzil.la/1375585).
JavaScript warning: https://ty.captcha.qq.com/code?siteKey=9WY11WYltbEgYnEIaMhTrkSZqlAPCJzjEbBTyP1cLVkMJWWSB7rQrimq%2F0arQ5A0&Action=GetWebJs, line 1: Error: WebGL warning: <SetDimensions>: Can't use WebGL in headless mode (https://bugzil.la/1375585).
JavaScript warning: https://ty.captcha.qq.com/code?siteKey=9WY11WYltbEgYnEIaMhTrkSZqlAPCJzjEbBTyP1cLVkMJWWSB7rQrimq%2F0arQ5A0&Action=GetWebJs, line 1: Error: WebGL warning: <SetDimensions>: Failed to create WebGL context: WebGL creation failed: 
* Can't use WebGL in headless mode (https://bugzil.la/1375585).
JavaScript error: http://portal.uestc.edu.cn/script/bottom.js?v=1.00 line 4 > eval, line 1: ReferenceError: hs is not defined
1579499515639	Marionette	INFO	Stopped listening on port 54420
1579499526274	mozrunner::runner	INFO	Running command: "C:\\Program Files\\Mozilla Firefox\\firefox.exe" "-marionette" "--headless" "-foreground" "-no-remote" "-profile" "C:\\Users\\ADMINI~1\\AppData\\Local\\Temp\\rust_mozprofile9GlZ7F"
*** You are running in headless mode.
1579499526654	addons.webextension.doh-rollout@mozilla.org	WARN	Loading extension 'doh-rollout@mozilla.org': Reading manifest: Invalid extension permission: networkStatus
1579499526748	addons.webextension.screenshots@mozilla.org	WARN	Loading extension 'screenshots@mozilla.org': Reading manifest: Invalid extension permission: mozillaAddons
1579499526748	addons.webextension.screenshots@mozilla.org	WARN	Loading extension 'screenshots@mozilla.org': Reading manifest: Invalid extension permission: telemetry
1579499526749	addons.webextension.screenshots@mozilla.org	WARN	Loading extension 'screenshots@mozilla.org': Reading manifest: Invalid extension permission: resource://pdf.js/
1579499526749	addons.webextension.screenshots@mozilla.org	WARN	Loading extension 'screenshots@mozilla.org': Reading manifest: Invalid extension permission: about:reader*
JavaScript error: resource://gre/modules/XULStore.jsm, line 66: Error: Can't find profile directory.
1579499528389	Marionette	INFO	Listening on port 55463
1579500937129	mozrunner::runner	INFO	Running command: "C:\\Program Files\\Mozilla Firefox\\firefox.exe" "-marionette" "--headless" "-foreground" "-no-remote" "-profile" "C:\\Users\\ADMINI~1\\AppData\\Local\\Temp\\rust_mozprofileV6lNuy"
*** You are running in headless mode.
1579500937458	addons.webextension.doh-rollout@mozilla.org	WARN	Loading extension 'doh-rollout@mozilla.org': Reading manifest: Invalid extension permission: networkStatus
1579500937553	addons.webextension.screenshots@mozilla.org	WARN	Loading extension 'screenshots@mozilla.org': Reading manifest: Invalid extension permission: mozillaAddons
1579500937553	addons.webextension.screenshots@mozilla.org	WARN	Loading extension 'screenshots@mozilla.org': Reading manifest: Invalid extension permission: telemetry
1579500937553	addons.webextension.screenshots@mozilla.org	WARN	Loading extension 'screenshots@mozilla.org': Reading manifest: Invalid extension permission: resource://pdf.js/
1579500937554	addons.webextension.screenshots@mozilla.org	WARN	Loading extension 'screenshots@mozilla.org': Reading manifest: Invalid extension permission: about:reader*
JavaScript error: resource://gre/modules/XULStore.jsm, line 66: Error: Can't find profile directory.
1579500939061	Marionette	INFO	Listening on port 58530
1579500939140	Marionette	WARN	TLS certificate errors will be ignored for this session
JavaScript warning: https://idas.uestc.edu.cn/authserver/login?service=http%3A%2F%2Fportal.uestc.edu.cn%2F line 36 > eval, line 1: Error: WebGL warning: <SetDimensions>: Can't use WebGL in headless mode (https://bugzil.la/1375585).
JavaScript warning: https://idas.uestc.edu.cn/authserver/login?service=http%3A%2F%2Fportal.uestc.edu.cn%2F line 36 > eval, line 1: Error: WebGL warning: <SetDimensions>: Failed to create WebGL context: WebGL creation failed: 
* Can't use WebGL in headless mode (https://bugzil.la/1375585).
JavaScript warning: https://idas.uestc.edu.cn/authserver/login?service=http%3A%2F%2Fportal.uestc.edu.cn%2F line 36 > eval, line 1: Error: WebGL warning: <SetDimensions>: Can't use WebGL in headless mode (https://bugzil.la/1375585).
JavaScript warning: https://idas.uestc.edu.cn/authserver/login?service=http%3A%2F%2Fportal.uestc.edu.cn%2F line 36 > eval, line 1: Error: WebGL warning: <SetDimensions>: Failed to create WebGL context: WebGL creation failed: 
* Can't use WebGL in headless mode (https://bugzil.la/1375585).
JavaScript warning: https://ty.captcha.qq.com/code?siteKey=9WY11WYltbEgYnEIaMhTrkSZqlAPCJzjEbBTyP1cLVkMJWWSB7rQrimq%2F0arQ5A0&Action=GetWebJs, line 1: Error: WebGL warning: <SetDimensions>: Can't use WebGL in headless mode (https://bugzil.la/1375585).
JavaScript warning: https://ty.captcha.qq.com/code?siteKey=9WY11WYltbEgYnEIaMhTrkSZqlAPCJzjEbBTyP1cLVkMJWWSB7rQrimq%2F0arQ5A0&Action=GetWebJs, line 1: Error: WebGL warning: <SetDimensions>: Failed to create WebGL context: WebGL creation failed: 
* Can't use WebGL in headless mode (https://bugzil.la/1375585).
JavaScript warning: https://ty.captcha.qq.com/code?siteKey=9WY11WYltbEgYnEIaMhTrkSZqlAPCJzjEbBTyP1cLVkMJWWSB7rQrimq%2F0arQ5A0&Action=GetWebJs, line 1: Error: WebGL warning: <SetDimensions>: Can't use WebGL in headless mode (https://bugzil.la/1375585).
JavaScript warning: https://ty.captcha.qq.com/code?siteKey=9WY11WYltbEgYnEIaMhTrkSZqlAPCJzjEbBTyP1cLVkMJWWSB7rQrimq%2F0arQ5A0&Action=GetWebJs, line 1: Error: WebGL warning: <SetDimensions>: Failed to create WebGL context: WebGL creation failed: 
* Can't use WebGL in headless mode (https://bugzil.la/1375585).
JavaScript error: http://portal.uestc.edu.cn/script/bottom.js?v=1.00 line 4 > eval, line 1: ReferenceError: hs is not defined
1579501006632	Marionette	INFO	Stopped listening on port 58530
1579503181137	mozrunner::runner	INFO	Running command: "C:\\Program Files\\Mozilla Firefox\\firefox.exe" "-marionette" "--headless" "-foreground" "-no-remote" "-profile" "C:\\Users\\ADMINI~1\\AppData\\Local\\Temp\\rust_mozprofile2q5myI"
*** You are running in headless mode.
1579503181436	addons.webextension.doh-rollout@mozilla.org	WARN	Loading extension 'doh-rollout@mozilla.org': Reading manifest: Invalid extension permission: networkStatus
1579503181528	addons.webextension.screenshots@mozilla.org	WARN	Loading extension 'screenshots@mozilla.org': Reading manifest: Invalid extension permission: mozillaAddons
1579503181528	addons.webextension.screenshots@mozilla.org	WARN	Loading extension 'screenshots@mozilla.org': Reading manifest: Invalid extension permission: telemetry
1579503181528	addons.webextension.screenshots@mozilla.org	WARN	Loading extension 'screenshots@mozilla.org': Reading manifest: Invalid extension permission: resource://pdf.js/
1579503181528	addons.webextension.screenshots@mozilla.org	WARN	Loading extension 'screenshots@mozilla.org': Reading manifest: Invalid extension permission: about:reader*
JavaScript error: resource://gre/modules/XULStore.jsm, line 66: Error: Can't find profile directory.
1579503182973	Marionette	INFO	Listening on port 64240
1579503183148	Marionette	WARN	TLS certificate errors will be ignored for this session
JavaScript warning: https://idas.uestc.edu.cn/authserver/login?service=http%3A%2F%2Fportal.uestc.edu.cn%2F line 36 > eval, line 1: Error: WebGL warning: <SetDimensions>: Can't use WebGL in headless mode (https://bugzil.la/1375585).
JavaScript warning: https://idas.uestc.edu.cn/authserver/login?service=http%3A%2F%2Fportal.uestc.edu.cn%2F line 36 > eval, line 1: Error: WebGL warning: <SetDimensions>: Failed to create WebGL context: WebGL creation failed: 
* Can't use WebGL in headless mode (https://bugzil.la/1375585).
JavaScript warning: https://idas.uestc.edu.cn/authserver/login?service=http%3A%2F%2Fportal.uestc.edu.cn%2F line 36 > eval, line 1: Error: WebGL warning: <SetDimensions>: Can't use WebGL in headless mode (https://bugzil.la/1375585).
JavaScript warning: https://idas.uestc.edu.cn/authserver/login?service=http%3A%2F%2Fportal.uestc.edu.cn%2F line 36 > eval, line 1: Error: WebGL warning: <SetDimensions>: Failed to create WebGL context: WebGL creation failed: 
* Can't use WebGL in headless mode (https://bugzil.la/1375585).
JavaScript warning: https://ty.captcha.qq.com/code?siteKey=9WY11WYltbEgYnEIaMhTrkSZqlAPCJzjEbBTyP1cLVkMJWWSB7rQrimq%2F0arQ5A0&Action=GetWebJs, line 1: Error: WebGL warning: <SetDimensions>: Can't use WebGL in headless mode (https://bugzil.la/1375585).
JavaScript warning: https://ty.captcha.qq.com/code?siteKey=9WY11WYltbEgYnEIaMhTrkSZqlAPCJzjEbBTyP1cLVkMJWWSB7rQrimq%2F0arQ5A0&Action=GetWebJs, line 1: Error: WebGL warning: <SetDimensions>: Failed to create WebGL context: WebGL creation failed: 
* Can't use WebGL in headless mode (https://bugzil.la/1375585).
JavaScript warning: https://ty.captcha.qq.com/code?siteKey=9WY11WYltbEgYnEIaMhTrkSZqlAPCJzjEbBTyP1cLVkMJWWSB7rQrimq%2F0arQ5A0&Action=GetWebJs, line 1: Error: WebGL warning: <SetDimensions>: Can't use WebGL in headless mode (https://bugzil.la/1375585).
JavaScript warning: https://ty.captcha.qq.com/code?siteKey=9WY11WYltbEgYnEIaMhTrkSZqlAPCJzjEbBTyP1cLVkMJWWSB7rQrimq%2F0arQ5A0&Action=GetWebJs, line 1: Error: WebGL warning: <SetDimensions>: Failed to create WebGL context: WebGL creation failed: 
* Can't use WebGL in headless mode (https://bugzil.la/1375585).
JavaScript warning: http://eams.uestc.edu.cn/eams/static/scripts/backbone.min.js, line 3: Using //@ to indicate sourceMappingURL pragmas is deprecated. Use //# instead
1579503219089	Marionette	INFO	Stopped listening on port 64240
